1459724739923
1459724740002
1459724741001
1459724742000
1459724743000
1459724744001
1459724745001
1459724746001
1459724747001
1459724748000
1459724749001
1459724750001
1459724751005
1459724752001
1459724753000
1459724754001
1459724755000
1459724756000
1459724757005
1459724758000
1459724759001
1459724760001
1459724761000
1459724762000
1459724763005
1459724764001
1459724765001
1459724766005
1459724767000
1459724768005
1459724769000
1459724770005
1459724771000
1459724772001
1459724773000
1459724774000
1459724775001
1459724776001
1459724777000
1459724778005
1459724779000
1459724780001
1459724781000
1459724782000
1459724783001
1459724784005
1459724785005
1459724786001
1459724787005
1459724788009
1459724789001
1459724790002
1459724791000
1459724792000
1459724793005
1459724794000
1459724795001
1459724796000
1459724797005
1459724798005
1459724799000
1459724800005
1459724801001
1459724802000
1459724803002
1459724804000
1459724805000
1459724806005
1459724807001
1459724808000
1459724809000
1459724810001
1459724811000
1459724812005
1459724813000
1459724814005
1459724815001
1459724816005
1459724817001
1459724818000
1459724819000
1459724820000
1459724821001
1459724822002
1459724823001
1459724824001
1459724825000
1459724826000
1459724827000
1459724828001
1459724829005
1459724830002
1459724831005
1459724832001
1459724833005
1459724834000
1459724835000
1459724836001
1459724837000
1459724838000
1459724839005
1459724840000
1459724841000
1459724842000
1459724843000
1459724844005
1459724845005
1459724846001
1459724847000
1459724848000
1459724849001
1459724850005
1459724851001
1459724852000
1459724853001
1459724854003
1459724855000
1459724856000
1459724857000
1459724858000
1459724859000
1459724860005
1459724861001
1459724862001
1459724863000
1459724864005
1459724865001
1459724866009
1459724867001
1459724868013
1459724869005
1459724870001
1459724871009
1459724872001
1459724873000
1459724874000
1459724875000
1459724876002
1459724877000
1459724878000
1459724879001
1459724880005
1459724881001
1459724882005
1459724883000
1459724884001
1459724885000
1459724886009
1459724887009
1459724888001
1459724889001
1459724890001
1459724891000
1459724892000
1459724893000
1459724894001
1459724895000
1459724896001
1459724897001
1459724898005
1459724899005
1459724900001
1459724901000
1459724902001
1459724903005
1459724904005
1459724905005
1459724906000
1459724907001
1459724908000
1459724909000
1459724910001
1459724911000
1459724912001
1459724913005
1459724914000
1459724915000
1459724916005
1459724917000
1459724918000
1459724919001
1459724920000
1459724921001
1459724922001
1459724923001
1459724924000
1459724925000
1459724926001
1459724927000
1459724928000
1459724929001
1459724930001
1459724931000
1459724932001
1459724933005
1459724934000
1459724935005
1459724936001
1459724937000
1459724938001
1459724939001
1459724940000
1459724941000
1459724942003
1459724943000
1459724944001
1459724945005
1459724946001
1459724947005
1459724948005
1459724949000
1459724950005
1459724951000
1459724952000
1459724953005
1459724954005
1459724955001
1459724956000
1459724957001
1459724958000
1459724959001
1459724960000
1459724961001
1459724962005
1459724963001
1459724964005
1459724965000
1459724966000
1459724967008
1459724968001
1459724969001
1459724970004
1459724971000
1459724972005
1459724973001
1459724974000
1459724975002
1459724976005
1459724977001
1459724978000
1459724979000
1459724980005
1459724981005
1459724982000
1459724983000
1459724984001
1459724985001
1459724986005
1459724987001
1459724988000
1459724989005
1459724990000
1459724991001
1459724992001
1459724993005
1459724994000
1459724995001
1459724996000
1459724997000
1459724998001
1459724999003
1459725000000
1459725001000
1459725002001
1459725003000
1459725004001
1459725005005
1459725006005
1459725007000
1459725008005
1459725009000
1459725010005
1459725011005
1459725012000
1459725013005
1459725014005
1459725015000
1459725016000
1459725017001
1459725018005
1459725019005
1459725020001
1459725021000
1459725022005
1459725023001
1459725024000
1459725025001
1459725026005
1459725027001
1459725028001
1459725029000
1459725030000
1459725031000
1459725032000
1459725033001
1459725034005
1459725035009
1459725036000
1459725037001
1459725038001
1459725039005
1459725040001
1459725041000
1459725042000
1459725043000
1459725044000
1459725045000
1459725046001
1459725047005
1459725048001
1459725049000
1459725050005
1459725051005
1459725052009
1459725053001
1459725054005
1459725055001
1459725056000
1459725057000
1459725058001
1459725059001
1459725060000
1459725061005
1459725062000
1459725063000
1459725064005
1459725065001
1459725066005
1459725067001
1459725068000
1459725069001
1459725070000
1459725071001
1459725072005
1459725073005
1459725074001
1459725075009
1459725076001
1459725077005
1459725078005
1459725079000
1459725080000
1459725081000
1459725082000
1459725083000
1459725084000
1459725085005
1459725086001
1459725087001
1459725088001
1459725089001
1459725090001
1459725091001
1459725092001
1459725093001
1459725094000
1459725095005
1459725096000
1459725097001
1459725098000
1459725099005
1459725100000
1459725101000
1459725102001
1459725103001
1459725104000
1459725105000
1459725106005
1459725107001
1459725108000
1459725109001
1459725110005
1459725111000
1459725112005
1459725113005
1459725114000
1459725115005
1459725116000
1459725117000
1459725118001
1459725119000
1459725120005
1459725121001
1459725122005
1459725123005
1459725124001
1459725125000
1459725126001
1459725127005
1459725128000
1459725129001
1459725130005
1459725131005
1459725132000
1459725133000
1459725134005
1459725135001
1459725136000
1459725137000
1459725138005
1459725139005
1459725140000
1459725141000
1459725142001
1459725143000
1459725144005
1459725145005
1459725146000
1459725147005
1459725148001
1459725149000
1459725150005
1459725151001
1459725152001
1459725153001
1459725154005
1459725155000
1459725156000
1459725157001
1459725158000
1459725159005
1459725160000
1459725161000
1459725162005
1459725163001
1459725164001
1459725165000
1459725166001
1459725167000
1459725168009
1459725169001
1459725170005
1459725171000
1459725172000
1459725173005
1459725174005
1459725175000
1459725176005
1459725177000
1459725178000
1459725179000
1459725180009
1459725181001
1459725182001
1459725183001
1459725184000
1459725185001
1459725186000
1459725187004
1459725188001
1459725189000
1459725190000
1459725191001
1459725192001
1459725193001
1459725194005
1459725195001
1459725196005
1459725197001
1459725198000
1459725199001
1459725200000
1459725201001
1459725202005
1459725203001
1459725204001
1459725205000
1459725206001
1459725207005
1459725208005
1459725209005
1459725210005
1459725211005
1459725212001
1459725213001
1459725214001
1459725215005
1459725216001
1459725217003
1459725218005
1459725219001
1459725220001
1459725221000
1459725222005
1459725223000
1459725224001
1459725225001
1459725226005
1459725227005
1459725228001
1459725229001
1459725230005
1459725231000
1459725232001
1459725233005
1459725234000
1459725235005
1459725236000
1459725237001
1459725238000
1459725239005
1459725240001
1459725241001
1459725242000
1459725243005
1459725244000
1459725245001
1459725246000
1459725247000
1459725248009
1459725249000
1459725250005
1459725251001
1459725252005
1459725253000
1459725254005
1459725255001
1459725256005
1459725257000
1459725258005
1459725259005
1459725260001
1459725261000
1459725262005
1459725263001
1459725264001
1459725265000
1459725266005
1459725267005
1459725268000
1459725269005
1459725270000
1459725271001
1459725272000
1459725273000
1459725274000
1459725275001
1459725276000
1459725277000
1459725278000
1459725279005
1459725280000
1459725281000
1459725282009
1459725283005
1459725284005
1459725285001
1459725286005
1459725287005
1459725288005
1459725289000
1459725290000
1459725291000
1459725292001
1459725293001
1459725294000
1459725295005
1459725296001
1459725297001
1459725298000
1459725299001
1459725300003
1459725301000
1459725303137
1459725304005
1459725305001
1459725306000
1459725307000
1459725308000
1459725309009
1459725310000
1459725311000
1459725312001
1459725313005
1459725314005
1459725315000
1459725316001
1459725317005
1459725318001
1459725319001
1459725320001
1459725321001
1459725322001
1459725323001
1459725324001
1459725325000
1459725326000
1459725327000
1459725328001
1459725329005
1459725330009
1459725331001
1459725332001
1459725333001
1459725334005
1459725335001
1459725336000
1459725337001
1459725338005
1459725339000
1459725340000
1459725341005
1459725342001
1459725343001
1459725344000
1459725345005
1459725346000
1459725347005
1459725348005
1459725349000
1459725350001
1459725351001
1459725352000
1459725353001
1459725354001
1459725355004
1459725356009
1459725357000
1459725358000
1459725359005
1459725360001
1459725361000
1459725362000
1459725363000
1459725364004
1459725365000
1459725366001
1459725367001
1459725368000
1459725369000
1459725370000
1459725371001
1459725372001
1459725373001
1459725374000
1459725375005
1459725376005
1459725377005
1459725378000
1459725379000
1459725380005
1459725381000
1459725382005
1459725383000
1459725384001
1459725385009
1459725386000
1459725387001
1459725388009
1459725389000
1459725390000
1459725391001
1459725392000
1459725393000
1459725394000
1459725395001
1459725396000
1459725397005
1459725398001
1459725399005
1459725400009
1459725401000
1459725402001
1459725403001
1459725404009
1459725405005
1459725406005
1459725407000
1459725408000
1459725409005
1459725410005
1459725411000
1459725412000
1459725413001
1459725414000
1459725415001
1459725416001
1459725417001
1459725418001
1459725419000
1459725420001
1459725421000
1459725422001
1459725423005
1459725424005
1459725425005
1459725426000
1459725427000
1459725428001
1459725429001
1459725430005
1459725431000
1459725432001
1459725433001
1459725434000
1459725435005
1459725436001
1459725437005
1459725438005
1459725439001
1459725440001
1459725441005
1459725442001
1459725443001
1459725444001
1459725445005
1459725446001
1459725447001
1459725448005
1459725449000
1459725450000
1459725451000
1459725452005
1459725453000
1459725454005
1459725455001
1459725456001
1459725457001
1459725458009
1459725459000
1459725460005
1459725461001
1459725462005
1459725463001
1459725464000
1459725465005
1459725466000
1459725467005
1459725468000
1459725469000
1459725470005
1459725471000
1459725472001
1459725473009
1459725474005
1459725475005
1459725476000
1459725477000
1459725478002
1459725479001
1459725480000
1459725481000
1459725482000
1459725483000
1459725484000
1459725485000
1459725486005
1459725487005
1459725488001
1459725489005
1459725490005
1459725491000
1459725492001
1459725493005
1459725494000
1459725495005
1459725496000
1459725497000
1459725498000
1459725499001
1459725500001
1459725501001
1459725502001
1459725503000
1459725504001
1459725505000
1459725506000
1459725507000
1459725508001
1459725509001
1459725510005
1459725511000
1459725512000
1459725513005
1459725514000
1459725515001
1459725516000
1459725517001
1459725518001
1459725519005
1459725520005
1459725521001
1459725522000
1459725523005
1459725524005
1459725525000
1459725526000
1459725527005
1459725528000
1459725529001
1459725530000
1459725531000
1459725532009
1459725533000
1459725534001
1459725535000
1459725536001
1459725537001
1459725538005
1459725539001
1459725540001
1459725541001
1459725542000
1459725543005
1459725544001
1459725545000
1459725546005
1459725547005
1459725548000
1459725549001
1459725550001
1459725551001
1459725552000
1459725553000
1459725554001
1459725555005
1459725556000
1459725557009
1459725558000
1459725559000
1459725560001
1459725561001
1459725562009
1459725563002
1459725564001
1459725565001
1459725566005
1459725567005
1459725568001
1459725569005
1459725570000
1459725571000
1459725572000
1459725573001
1459725574000
1459725575000
1459725576005
1459725577001
1459725578005
1459725579000
1459725580001
1459725581001
1459725582005
1459725583000
1459725584005
1459725585005
1459725586000
1459725587001
1459725588001
1459725589005
1459725590005
1459725591005
1459725592005
1459725593001
1459725594000
1459725595000
1459725596001
1459725597005
1459725598001
1459725599000
1459725600005
1459725601001
1459725602000
1459725603000
1459725604005
1459725605000
1459725606000
1459725607005
1459725608005
1459725609001
1459725610005
1459725611001
1459725612005
1459725613001
1459725614003
1459725615000
1459725616001
1459725617001
1459725618000
1459725619000
1459725620005
1459725621000
1459725622001
1459725623000
1459725624005
1459725625002
1459725626000
1459725627001
1459725628001
1459725629001
1459725630005
1459725631001
1459725632000
1459725633005
1459725634000
1459725635000
1459725636000
1459725637000
1459725638001
1459725639001
1459725640005
1459725641001
1459725642013
1459725643000
1459725644001
1459725645001
1459725646009
1459725647000
1459725648001
1459725649001
1459725650005
1459725651000
1459725652001
1459725653001
1459725654000
1459725655001
1459725656001
1459725657001
1459725658001
1459725659001
1459725660000
1459725661000
1459725662000
1459725663000
1459725664000
1459725665001
1459725666005
1459725667001
1459725668005
1459725669001
1459725670000
1459725671001
1459725672000
1459725673005
1459725674005
1459725675000
1459725676005
1459725677001
1459725678005
1459725679000
1459725680000
1459725681001
1459725682000
1459725683005
1459725684000
1459725685009
1459725686000
1459725687001
1459725688000
1459725689001
1459725690001
1459725691000
1459725692000
1459725693005
1459725694001
1459725695001
1459725696005
1459725697001
1459725698005
1459725699000
1459725700000
1459725701005
1459725702000
1459725703000
1459725704000
1459725705013
1459725706005
1459725707000
1459725708005
1459725709001
1459725710005
1459725711000
1459725712001
1459725713005
1459725714001
1459725715000
1459725716001
1459725717001
1459725718001
1459725719000
1459725720001
1459725721000
1459725722001
1459725723005
1459725724000
1459725725005
1459725726001
1459725727001
1459725728001
1459725729005
1459725730005
1459725731001
1459725732005
1459725733000
1459725734000
1459725735000
1459725736001
1459725737001
1459725738005
1459725739000
1459725740009
1459725741005
1459725742002
1459725743001
1459725744001
1459725745000
1459725746001
1459725747001
1459725748005
1459725749009
1459725750001
1459725751000
1459725752000
1459725753000
1459725754001
1459725755001
1459725756005
1459725757001
1459725758001
1459725759000
1459725760000
1459725761001
1459725762009
1459725763001
1459725764000
1459725765001
1459725766000
1459725767001
1459725768000
1459725769001
1459725770003
1459725771000
1459725772001
1459725773001
1459725774001
1459725775000
1459725776005
1459725777005
1459725778005
1459725779001
1459725780005
1459725781000
1459725782000
1459725783001
1459725784005
1459725785000
1459725786001
1459725787000
1459725788005
1459725789000
1459725790009
1459725791000
1459725792000
1459725793001
1459725794001
1459725795005
1459725796001
1459725797000
1459725798000
1459725799001
1459725800003
1459725801001
1459725802000
1459725803001
1459725804000
1459725805001
1459725806000
1459725807005
1459725808000
1459725809000
1459725810001
1459725811005
1459725812005
1459725813005
1459725814005
1459725815000
1459725816000
1459725817001
1459725818005
1459725819010
1459725820005
1459725821000
1459725822000
1459725823000
1459725824009
1459725825001
1459725826001
1459725827001
1459725828001
1459725829001
1459725830001
1459725831001
1459725832000
1459725833005
1459725834005
1459725835001
1459725836005
1459725837005
1459725838005
1459725839001
1459725840000
1459725841001
1459725842000
1459725843001
1459725844001
1459725845005
1459725846005
1459725847001
1459725848000
1459725849001
1459725850000
1459725851000
1459725852000
1459725853001
1459725854000
1459725855000
1459725856005
1459725857001
1459725858000
1459725859005
1459725860005
1459725861001
1459725862000
1459725863001
1459725864000
1459725865005
1459725866001
1459725867001
1459725868001
1459725869000
1459725870000
1459725871001
1459725872005
1459725873001
1459725874000
1459725875005
1459725876005
1459725877000
1459725878000
1459725879001
1459725880000
1459725881000
1459725882005
1459725883005
1459725884005
1459725885000
1459725886005
1459725887000
1459725888001
1459725889005
1459725890000
1459725891000
1459725892001
1459725893001
1459725894000
1459725895005
1459725896001
1459725897000
1459725898000
1459725899000
1459725900003
1459725901001
1459725902033
1459725903001
1459725904001
1459725905005
1459725906001
1459725907000
1459725908000
1459725909000
1459725910000
1459725911000
1459725912000
1459725913004
1459725914001
1459725915000
1459725916005
1459725917005
1459725918005
1459725919005
1459725920001
1459725921001
1459725922001
1459725923005
1459725924000
1459725925000
1459725926005
1459725927001
1459725928000
1459725929001
1459725930005
1459725931005
1459725932000
1459725933005
1459725934000
1459725935001
1459725936000
1459725937005
1459725938000
1459725939005
1459725940000
1459725941009
1459725942001
1459725943001
1459725944005
1459725945000
1459725946000
1459725947001
1459725948000
1459725949000
1459725950004
1459725951001
1459725952000
1459725953005
1459725954005
1459725955001
1459725956001
1459725957005
1459725958005
1459725959001
1459725960000
1459725961000
1459725962000
1459725963005
1459725964000
1459725965009
1459725966000
1459725967001
1459725968001
1459725969004
1459725970001
1459725971005
1459725972005
1459725973005
1459725974001
1459725975005
1459725976001
1459725977005
1459725978000
1459725979001
1459725980000
1459725981001
1459725982005
1459725983001
1459725984001
1459725985005
1459725986000
1459725987005
1459725988005
1459725989000
1459725990000
1459725991005
1459725992000
1459725993001
1459725994004
1459725995001
1459725996001
1459725997001
1459725998000
1459725999001
1459726000000
1459726001000
1459726002001
1459726003001
1459726004005
1459726005001
1459726006005
1459726007000
1459726008000
1459726009005
1459726010001
1459726011000
1459726012000
1459726013000
1459726014001
1459726015001
1459726016005
1459726017001
1459726018000
1459726019005
1459726020005
1459726021000
1459726022003
1459726023000
1459726024000
1459726025005
1459726026000
1459726027001
1459726028001
1459726029000
1459726030001
1459726031001
1459726032001
1459726033000
1459726034001
1459726035000
1459726036000
1459726037001
1459726038000
1459726039000
1459726040005
1459726041001
1459726042000
1459726043005
1459726044000
1459726045005
1459726046005
1459726047000
1459726048001
1459726049000
1459726050000
1459726051001
1459726052005
1459726053000
1459726054001
1459726055001
1459726056000
1459726057000
1459726058001
1459726059001
1459726060000
1459726061001
1459726062003
1459726063001
1459726064000
1459726065005
1459726066001
1459726067001
1459726068005
1459726069001
1459726070005
1459726071001
1459726072005
1459726073000
1459726074005
1459726075001
1459726076005
1459726077000
1459726078000
1459726079005
1459726080001
1459726081000
1459726082005
1459726083005
1459726084001
1459726085004
1459726086000
1459726087000
1459726088005
1459726089001
1459726090000
1459726091001
1459726092005
1459726093000
1459726094001
1459726095005
1459726096009
1459726097000
1459726098001
1459726099001
1459726100001
1459726101001
1459726102005
1459726103005
1459726104000
1459726105005
1459726106005
1459726107001
1459726108005
1459726109005
1459726110001
1459726111005
1459726112000
1459726113005
1459726114001
1459726115000
1459726116005
1459726117005
1459726118001
1459726119000
1459726120001
1459726121001
1459726122000
1459726123000
1459726124001
1459726125000
1459726126001
1459726127001
1459726128001
1459726129000
1459726130000
1459726131001
1459726132000
1459726133000
1459726134005
1459726135001
1459726136001
1459726137001
1459726138000
1459726139000
1459726140000
1459726141000
1459726142005
1459726143005
1459726144000
1459726145000
1459726146001
1459726147005
1459726148001
1459726149000
1459726150005
1459726151005
1459726152001
1459726153001
1459726154001
1459726155005
1459726156000
1459726157001
1459726158001
1459726159005
1459726160005
1459726161001
1459726162001
1459726163000
1459726164001
1459726165000
1459726166000
1459726167005
1459726168000
1459726169005
1459726170001
1459726171000
1459726172000
1459726173005
1459726174005
1459726175005
1459726176001
1459726177005
1459726178000
1459726179000
1459726180001
1459726181000
1459726182005
1459726183000
1459726184000
1459726185000
1459726186001
1459726187001
1459726188001
1459726189000
1459726190000
1459726191000
1459726192000
1459726193005
1459726194000
1459726195001
1459726196000
1459726197001
1459726198001
1459726199000
1459726200005
1459726201001
1459726202237
1459726203005
1459726204000
1459726205001
1459726206005
1459726207005
1459726208000
1459726209001
1459726210001
1459726211005
1459726212001
1459726213000
1459726214001
1459726215005
1459726216009
1459726217005
1459726218000
1459726219001
1459726220005
1459726221000
1459726222005
1459726223005
1459726224000
1459726225001
1459726226005
1459726227000
1459726228005
1459726229000
1459726230001
1459726231000
1459726232000
1459726233000
1459726234001
1459726235001
1459726236000
1459726237001
1459726238000
1459726239000
1459726240000
1459726241004
1459726242005
1459726243001
1459726244000
1459726245000
1459726246000
1459726247005
1459726248005
1459726249000
1459726250001
1459726251000
1459726252005
1459726253001
1459726254001
1459726255000
1459726256000
1459726257005
1459726258000
1459726259001
1459726260005
1459726261001
1459726262001
1459726263001
1459726264005
1459726265001
1459726266001
1459726267000
1459726268005
1459726269000
1459726270000
1459726271000
1459726272000
1459726273005
1459726274000
1459726275001
1459726276000
1459726277005
1459726278005
1459726279000
1459726280005
1459726281000
1459726282002
1459726283000
1459726284005
1459726285000
1459726286000
1459726287005
1459726288000
1459726289005
1459726290000
1459726291009
1459726292001
1459726293001
1459726294005
1459726295001
1459726296001
1459726297000
1459726298000
1459726299003
1459726300001
1459726301001
1459726302005
1459726303001
1459726304000
1459726305000
1459726306000
1459726307001
1459726308005
1459726309001
1459726310001
1459726311000
1459726312000
1459726313005
1459726314001
1459726315005
1459726316001
1459726317000
1459726318001
1459726319000
1459726320000
1459726321005
1459726322000
1459726323000
1459726324005
1459726325005
1459726326001
1459726327001
1459726328005
1459726329003
1459726330002
1459726331001
1459726332000
1459726333000
1459726334005
1459726335001
1459726336001
1459726337001
1459726338001
1459726339000
1459726340000
1459726341000
1459726342001
1459726343001
1459726344000
1459726345005
1459726346000
1459726347001
1459726348001
1459726349005
1459726350000
1459726351013
1459726352000
1459726353001
1459726354005
1459726355001
1459726356000
1459726357000
1459726358000
1459726359005
1459726360000
1459726361000
1459726362001
1459726363001
1459726364005
1459726365001
1459726366000
1459726367000
1459726368005
1459726369005
1459726370000
1459726371001
1459726372001
1459726373005
1459726374005
1459726375000
1459726376005
1459726377001
1459726378005
1459726379001
1459726380000
1459726381001
1459726382000
1459726383001
1459726384001
1459726385000
1459726386000
1459726387000
1459726388001
1459726389005
1459726390001
1459726391000
1459726392001
1459726393000
1459726394005
1459726395000
1459726396000
1459726397000
1459726398001
1459726399001
1459726400000
1459726401001
1459726402000
1459726403005
1459726404001
1459726405009
1459726406002
1459726407003
1459726408000
1459726409003
1459726410005
1459726411007
1459726412005
1459726413005
1459726414001
1459726415000
1459726416000
1459726417000
1459726418001
1459726419000
1459726420000
1459726421001
1459726422001
1459726423005
1459726424001
1459726425000
1459726426005
1459726427005
1459726428001
1459726429005
1459726430005
1459726431005
1459726432001
1459726433001
1459726434001
1459726435000
1459726436009
1459726437001
1459726438002
1459726439001
1459726440001
1459726441001
1459726442005
1459726443000
1459726444000
1459726445001
1459726446005
1459726447005
1459726448005
1459726449000
1459726450000
1459726451003
1459726452001
1459726453000
1459726454000
1459726455005
1459726456001
1459726457001
1459726458005
1459726459000
1459726460000
1459726461000
1459726462001
1459726463000
1459726464001
1459726465009
1459726466009
1459726467005
1459726468000
1459726469001
1459726470000
1459726471000
1459726472001
1459726473001
1459726474005
1459726475005
1459726476000
1459726477005
1459726478001
1459726479000
1459726480000
1459726481001
1459726482000
1459726483000
1459726484001
1459726485000
1459726486000
1459726487005
1459726488005
1459726489001
1459726490005
1459726491001
1459726492000
1459726493005
1459726494000
1459726495005
1459726496009
1459726497001
1459726498000
1459726499001
1459726500005
1459726501000
1459726502005
1459726503001
1459726504001
1459726505001
1459726506001
1459726507005
1459726508000
1459726509005
1459726510001
1459726511000
1459726512001
1459726513001
1459726514001
1459726515005
1459726516001
1459726517000
1459726518000
1459726519013
1459726520000
1459726521001
1459726522001
1459726523000
1459726524009
1459726525005
1459726526000
1459726527001
1459726528000
1459726529013
1459726530000
1459726531005
1459726532000
1459726533001
1459726534001
1459726535001
1459726536000
1459726537005
1459726538000
1459726539001
1459726540000
1459726541001
1459726542000
1459726543000
1459726544005
1459726545009
1459726546001
1459726547001
1459726548013
1459726549001
1459726550001
1459726551001
1459726552000
1459726553005
1459726554000
1459726555001
1459726556001
1459726557000
1459726558000
1459726559005
1459726560005
1459726561001
1459726562009
1459726563005
1459726564005
1459726565000
1459726566001
1459726567005
1459726568009
1459726569005
1459726570005
1459726571005
1459726572000
1459726573005
1459726574001
1459726575001
1459726576005
1459726577000
1459726578001
1459726579000
1459726580000
1459726581000
1459726582005
1459726583000
1459726584000
1459726585000
1459726586000
1459726587005
1459726588001
1459726589000
1459726590005
1459726591005
1459726592000
1459726593005
1459726594001
1459726595002
1459726596000
1459726597005
1459726598000
1459726599005
1459726600001
1459726601004
1459726602000
1459726603001
1459726604000
1459726605001
1459726606001
1459726607001
1459726608000
1459726609013
1459726610005
1459726611000
1459726612002
1459726613001
1459726614000
1459726615005
1459726616005
1459726617001
1459726618001
1459726619005
1459726620000
1459726621005
1459726622000
1459726623000
1459726624005
1459726625001
1459726626001
1459726627000
1459726628000
1459726629005
1459726630001
1459726631001
1459726632001
1459726633001
1459726634000
1459726635000
1459726636000
1459726637005
1459726638005
1459726639001
1459726640000
1459726641000
1459726642000
1459726643000
1459726644000
1459726645001
1459726646000
1459726647000
1459726648001
1459726649001
1459726650001
1459726651001
1459726652005
1459726653005
1459726654005
1459726655005
1459726656005
1459726657001
1459726658000
1459726659005
1459726660005
1459726661000
1459726662000
1459726663005
1459726664005
1459726665000
1459726666005
1459726667000
1459726668005
1459726669001
1459726670005
1459726671001
1459726672001
1459726673000
1459726674001
1459726675005
1459726676001
1459726677001
1459726678001
1459726679001
1459726680001
1459726681005
1459726682001
1459726683000
1459726684001
1459726685005
1459726686000
1459726687000
1459726688001
1459726689001
1459726690001
1459726691000
1459726692001
1459726693001
1459726694000
1459726695009
1459726696002
1459726697005
1459726698009
1459726699000
1459726700003
1459726701001
1459726702000
1459726703000
1459726704000
1459726705000
1459726706000
1459726707000
1459726708001
1459726709005
1459726710005
1459726711000
1459726712000
1459726713001
1459726714001
1459726715001
1459726716000
1459726717001
1459726718000
1459726719001
1459726720000
1459726721001
1459726722001
1459726723000
1459726724000
1459726725000
1459726726005
1459726727001
1459726728003
1459726729001
1459726730005
1459726731000
1459726732005
1459726733005
1459726734005
1459726735000
1459726736001
1459726737000
1459726738001
1459726739001
1459726740005
1459726741005
1459726742005
1459726743000
1459726744000
1459726745001
1459726746001
1459726747001
1459726748001
1459726749000
1459726750001
1459726751000
1459726752001
1459726753000
1459726754001
1459726755005
1459726756000
1459726757000
1459726758001
1459726759000
1459726760001
1459726761000
1459726762001
1459726763005
1459726764001
1459726765001
1459726766005
1459726767005
1459726768004
1459726769000
1459726770005
1459726771005
1459726772001
1459726773001
1459726774005
1459726775000
1459726776005
1459726777001
1459726778001
1459726779001
1459726780000
1459726781003
1459726782005
1459726783009
1459726784000
1459726785005
1459726786000
1459726787000
1459726788000
1459726789003
1459726790000
1459726791001
1459726792005
1459726793005
1459726794005
1459726795000
1459726796001
1459726797000
1459726798009
1459726799000
1459726800005
1459726801005
1459726802005
1459726803189
1459726804001
1459726805001
1459726806005
1459726807001
1459726808005
1459726809000
1459726810001
1459726811000
1459726812000
1459726813009
1459726814000
1459726815005
1459726816005
1459726817005
1459726818005
1459726819005
1459726820005
1459726821000
1459726822005
1459726823000
1459726824003
1459726825001
1459726826000
1459726827005
1459726828001
1459726829001
1459726830001
1459726831001
1459726832000
1459726833000
1459726834001
1459726835001
1459726836000
1459726837001
1459726838000
1459726839005
1459726840005
1459726841000
1459726842001
1459726843001
1459726844001
1459726845000
1459726846001
1459726847001
1459726848000
1459726849001
1459726850000
1459726851000
1459726852000
1459726853005
1459726854000
1459726855005
1459726856005
1459726857000
1459726858000
1459726859001
1459726860001
1459726861001
1459726862005
1459726863000
1459726864001
1459726865001
1459726866000
1459726867005
1459726868001
1459726869001
1459726870000
1459726871005
1459726872001
1459726873001
1459726874005
1459726875001
1459726876001
1459726877005
1459726878001
1459726879001
1459726880005
1459726881000
1459726882000
1459726883001
1459726884000
1459726885009
1459726886000
1459726887000
1459726888005
1459726889001
1459726890001
1459726891001
1459726892000
1459726893005
1459726894000
1459726895001
1459726896000
1459726897000
1459726898001
1459726899005
1459726900001
1459726901000
1459726902000
1459726903005
1459726904000
1459726905005
1459726906000
1459726907001
1459726908009
1459726909000
1459726910001
1459726911001
1459726912001
1459726913001
1459726914005
1459726915005
1459726916000
1459726917005
1459726918000
1459726919001
1459726920001
1459726921001
1459726922000
1459726923005
1459726924000
1459726925005
1459726926001
1459726927005
1459726928005
1459726929001
1459726930005
1459726931000
1459726932000
1459726933000
1459726934000
1459726935005
1459726936009
1459726937001
1459726938005
1459726939005
1459726940009
1459726941000
1459726942000
1459726943009
1459726944005
1459726945001
1459726946000
1459726947001
1459726948000
1459726949009
1459726950000
1459726951005
1459726952005
1459726953000
1459726954005
1459726955005
1459726956000
1459726957000
1459726958004
1459726959001
1459726960001
1459726961001
1459726962009
1459726963000
1459726964001
1459726965013
1459726966000
1459726967005
1459726968000
1459726969000
1459726970001
1459726971000
1459726972000
1459726973001
1459726974004
1459726975005
1459726976000
1459726977001
1459726978001
1459726979005
1459726980001
1459726981005
1459726982005
1459726983005
1459726984000
1459726985000
1459726986000
1459726987001
1459726988000
1459726989005
1459726990005
1459726991000
1459726992000
1459726993000
1459726994005
1459726995001
1459726996001
1459726997001
1459726998000
1459726999005
1459727000000
1459727001002
1459727002001
1459727003001
1459727004005
1459727005005
1459727006001
1459727007001
1459727008000
1459727009001
1459727010005
1459727011000
1459727012001
1459727013000
1459727014000
1459727015005
1459727016005
1459727017000
1459727018001
1459727019005
1459727020000
1459727021001
1459727022001
1459727023001
1459727024000
1459727025001
1459727026001
1459727027001
1459727028005
1459727029009
1459727030005
1459727031001
1459727032001
1459727033000
1459727034009
1459727035000
1459727036000
1459727037000
1459727038005
1459727039000
1459727040005
1459727041000
1459727042001
1459727043001
1459727044000
1459727045000
1459727046001
1459727047000
1459727048005
1459727049005
1459727050001
1459727051000
1459727052005
1459727053000
1459727054005
1459727055001
1459727056005
1459727057000
1459727058000
1459727059005
1459727060000
1459727061000
1459727062005
1459727063008
1459727064001
1459727065001
1459727066005
1459727067000
1459727068000
1459727069001
1459727070003
1459727071004
1459727072000
1459727073000
1459727074001
1459727075005
1459727076005
1459727077001
1459727078009
1459727079001
1459727080001
1459727081001
1459727082005
1459727083001
1459727084005
1459727085001
1459727086005
1459727087005
1459727088005
1459727089000
1459727090001
1459727091000
1459727092000
1459727093001
1459727094000
1459727095000
1459727096001
1459727097005
1459727098005
1459727099003
1459727100000
1459727101001
1459727102000
1459727103001
1459727104005
1459727105000
1459727106005
1459727107005
1459727108005
1459727109000
1459727110001
1459727111001
1459727112009
1459727113005
1459727114001
1459727115000
1459727116001
1459727117005
1459727118000
1459727119000
1459727120005
1459727121000
1459727122000
1459727123001
1459727124001
1459727125001
1459727126000
1459727127000
1459727128000
1459727129001
1459727130005
1459727131005
1459727132001
1459727133001
1459727134000
1459727135005
1459727136000
1459727137000
1459727138001
1459727139000
1459727140005
1459727141001
1459727142000
1459727143000
1459727144000
1459727145005
1459727146001
1459727147005
1459727148000
1459727149000
1459727150000
1459727151001
1459727152000
1459727153000
1459727154001
1459727155005
1459727156000
1459727157001
1459727158005
1459727159001
1459727160000
1459727161000
1459727162001
1459727163002
1459727164000
1459727165005
1459727166000
1459727167000
1459727168001
1459727169001
1459727170001
1459727171005
1459727172005
1459727173005
1459727174017
1459727175001
1459727176000
1459727177001
1459727178000
1459727179000
1459727180000
1459727181001
1459727182001
1459727183000
1459727184000
1459727185001
1459727186001
1459727187001
1459727188005
1459727189001
1459727190005
1459727191000
1459727192000
1459727193000
1459727194000
1459727195000
1459727196001
1459727197001
1459727198000
1459727199000
1459727200005
1459727201001
1459727202001
1459727203000
1459727204005
1459727205001
1459727206005
1459727207001
1459727208000
1459727209005
1459727210001
1459727211001
1459727212000
1459727213000
1459727214005
1459727215001
1459727216000
1459727217009
1459727218001
1459727219001
1459727220005
1459727221005
1459727222005
1459727223000
1459727224000
1459727225000
1459727226005
1459727227005
1459727228001
1459727229000
1459727230001
1459727231005
1459727232001
1459727233005
1459727234000
1459727235000
1459727236000
1459727237001
1459727238005
1459727239005
1459727240000
1459727241000
1459727242001
1459727243009
1459727244005
1459727245005
1459727246005
1459727247001
1459727248001
1459727249001
1459727250000
1459727251005
1459727252001
1459727253000
1459727254005
1459727255001
1459727256000
1459727257000
1459727258001
1459727259001
1459727260005
1459727261005
1459727262005
1459727263001
1459727264005
1459727265000
1459727266001
1459727267001
1459727268003
1459727269001
1459727270000
1459727271001
1459727272000
1459727273000
1459727274001
1459727275000
1459727276001
1459727277005
1459727278001
1459727279005
1459727280001
1459727281005
1459727282387
1459727283000
1459727284005
1459727285005
1459727286000
1459727287001
1459727288005
1459727289000
1459727290000
1459727291000
1459727292005
1459727293000
1459727294005
1459727295000
1459727296000
1459727297005
1459727298000
1459727299000
1459727300001
1459727301000
1459727302000
1459727303000
1459727304005
1459727305000
1459727306000
1459727307001
1459727308000
1459727309001
1459727310000
1459727311001
1459727312005
1459727313005
1459727314001
1459727315001
1459727316001
1459727317001
1459727318001
1459727319000
1459727320005
1459727321001
1459727322005
1459727323005
1459727324000
1459727325005
1459727326000
1459727327005
1459727328001
1459727329001
1459727330000
1459727331001
1459727332000
1459727333000
1459727334000
1459727335001
1459727336001
1459727337000
1459727338001
1459727339001
1459727340000
1459727341001
1459727342000
1459727343013
1459727344003
1459727345000
1459727346005
1459727347000
1459727348000
1459727349001
1459727350000
1459727351000
1459727352001
1459727353000
1459727354001
1459727355001
1459727356001
1459727357005
1459727358000
1459727359001
1459727360001
1459727361001
1459727362001
1459727363005
1459727364005
1459727365000
1459727366005
1459727367001
1459727368000
1459727369000
1459727370000
1459727371013
1459727372001
1459727373005
1459727374001
1459727375000
1459727376005
1459727377005
1459727378009
1459727379001
1459727380000
1459727381001
1459727382000
1459727383000
1459727384001
1459727385001
1459727386000
1459727387001
1459727388005
1459727389000
1459727390000
1459727391000
1459727392000
1459727393002
1459727394000
1459727395001
1459727396000
1459727397001
1459727398001
1459727399000
1459727400000
1459727401005
1459727402005
1459727403001
1459727404001
1459727405001
1459727406000
1459727407000
1459727408002
1459727409005
1459727410000
1459727411000
1459727412001
1459727413001
1459727414005
1459727415001
1459727416001
1459727417000
1459727418005
1459727419001
1459727420000
1459727421001
1459727422005
1459727423000
1459727424005
1459727425001
1459727426005
1459727427005
1459727428005
1459727429000
1459727430003
1459727431009
1459727432000
1459727433001
1459727434000
1459727435009
1459727436000
1459727437002
1459727438000
1459727439001
1459727440001
1459727441005
1459727442001
1459727443000
1459727444005
1459727445000
1459727446000
1459727447009
1459727448005
1459727449000
1459727450001
1459727451001
1459727452000
1459727453000
1459727454005
1459727455005
1459727456000
1459727457005
1459727458001
1459727459000
1459727460001
1459727461005
1459727462005
1459727463005
1459727464000
1459727465001
1459727466000
1459727467001
1459727468001
1459727469001
1459727470001
1459727471000
1459727472005
1459727473000
1459727474000
1459727475000
1459727476001
1459727477000
1459727478001
1459727479001
1459727480000
1459727481001
1459727482001
1459727483001
1459727484005
1459727485000
1459727486005
1459727487005
1459727488001
1459727489005
1459727490005
1459727491000
1459727492001
1459727493001
1459727494005
1459727495001
1459727496001
1459727497000
1459727498000
1459727499000
1459727500000
1459727501000
1459727502003
1459727503000
1459727504001
1459727505000
1459727506005
1459727507000
1459727508000
1459727509009
1459727510001
1459727511009
1459727512001
1459727513009
1459727514005
1459727515009
1459727516005
1459727517001
1459727518001
1459727519000
1459727520005
1459727521001
1459727522000
1459727523000
1459727524005
1459727525005
1459727526005
1459727527001
1459727528005
1459727529000
1459727530000
1459727531005
1459727532001
1459727533000
1459727534005
1459727535000
1459727536000
1459727537005
1459727538000
1459727539001
1459727540000
1459727541001
1459727542001
1459727543001
1459727544005
1459727545001
1459727546005
1459727547005
1459727548001
1459727549001
1459727550001
1459727551013
1459727552001
1459727553001
1459727554000
1459727555005
1459727556001
1459727557000
1459727558001
1459727559001
1459727560005
1459727561001
1459727562000
1459727563005
1459727564000
1459727565000
1459727566005
1459727567001
1459727568001
1459727569000
1459727570000
1459727571006
1459727572000
1459727573000
1459727574000
1459727575001
1459727576000
1459727577001
1459727578005
1459727579000
1459727580000
1459727581001
1459727582005
1459727583001
1459727584004
1459727585000
1459727586000
1459727587000
1459727588009
1459727589000
1459727590000
1459727591001
1459727592001
1459727593001
1459727594000
1459727595001
1459727596000
1459727597001
1459727598000
1459727599005
1459727600001
1459727601000
1459727602000
1459727603000
1459727604000
1459727605000
1459727606001
1459727607001
1459727608001
1459727609000
1459727610005
1459727611005
1459727612001
1459727613005
1459727614000
1459727615001
1459727616001
1459727617005
1459727618000
1459727619001
1459727620000
1459727621000
1459727622000
1459727623005
1459727624001
1459727625005
1459727626000
1459727627005
1459727628001
1459727629000
1459727630009
1459727631000
1459727632001
1459727633005
1459727634000
1459727635000
1459727636000
1459727637001
1459727638000
1459727639005
1459727640000
1459727641000
1459727642001
1459727643001
1459727644005
1459727645004
1459727646005
1459727647000
1459727648001
1459727649005
1459727650005
1459727651005
1459727652005
1459727653000
1459727654000
1459727655000
1459727656000
1459727657005
1459727658001
1459727659005
1459727660005
1459727661000
1459727662001
1459727663000
1459727664000
1459727665005
1459727666005
1459727667001
1459727668000
1459727669001
1459727670005
1459727671000
1459727672001
1459727673000
1459727674001
1459727675000
1459727676000
1459727677000
1459727678000
1459727679001
1459727680000
1459727681000
1459727682005
1459727683005
1459727684001
1459727685000
1459727686000
1459727687005
1459727688000
1459727689001
1459727690005
1459727691001
1459727692000
1459727693000
1459727694001
1459727695000
1459727696005
1459727697001
1459727698001
1459727699000
1459727700000
1459727701000
1459727702181
1459727703009
1459727704001
1459727705005
1459727706000
1459727707001
1459727708000
1459727709009
1459727710013
1459727711000
1459727712001
1459727713000
1459727714001
1459727715005
1459727716001
1459727717000
1459727718005
1459727719000
1459727720001
1459727721000
1459727722001
1459727723001
1459727724005
1459727725001
1459727726000
1459727727001
1459727728001
1459727729001
1459727730005
1459727731005
1459727732001
1459727733000
1459727734000
1459727735000
1459727736001
1459727737001
1459727738005
1459727739000
1459727740001
1459727741000
1459727742000
1459727743001
1459727744001
1459727745000
1459727746000
1459727747005
1459727748001
1459727749005
1459727750001
1459727751001
1459727752005
1459727753005
1459727754001
1459727755005
1459727756000
1459727757000
1459727758001
1459727759000
1459727760005
1459727761001
1459727762001
1459727763005
1459727764000
1459727765005
1459727766001
1459727767000
1459727768001
1459727769001
1459727770001
1459727771005
1459727772000
1459727773001
1459727774005
1459727775000
1459727776004
1459727777001
1459727778000
1459727779005
1459727780001
1459727781005
1459727782001
1459727783001
1459727784001
1459727785005
1459727786001
1459727787000
1459727788005
1459727789005
1459727790000
1459727791000
1459727792005
1459727793001
1459727794001
1459727795005
1459727796001
1459727797001
1459727798001
1459727799000
1459727800009
1459727801005
1459727802005
1459727803000
1459727804001
1459727805003
1459727806001
1459727807000
1459727808005
1459727809005
1459727810000
1459727811005
1459727812005
1459727813001
1459727814000
1459727815001
1459727816005
1459727817001
1459727818001
1459727819000
1459727820000
1459727821000
1459727822001
1459727823005
1459727824001
1459727825000
1459727826005
1459727827005
1459727828000
1459727829000
1459727830000
1459727831000
1459727832000
1459727833000
1459727834005
1459727835005
1459727836005
1459727837000
1459727838000
1459727839001
1459727840000
1459727841001
1459727842000
1459727843000
1459727844001
1459727845005
1459727846001
1459727847000
1459727848005
1459727849000
1459727850005
1459727851005
1459727852000
1459727853001
1459727854001
1459727855001
1459727856000
1459727857001
1459727858001
1459727859009
1459727860000
1459727861002
1459727862001
1459727863005
1459727864000
1459727865001
1459727866001
1459727867000
1459727868001
1459727869005
1459727870005
1459727871001
1459727872000
1459727873001
1459727874005
1459727875005
1459727876001
1459727877000
1459727878001
1459727879005
1459727880005
1459727881001
1459727882005
1459727883000
1459727884005
1459727885000
1459727886000
1459727887005
1459727888005
1459727889001
1459727890005
1459727891000
1459727892005
1459727893000
1459727894000
1459727895005
1459727896001
1459727897005
1459727898000
1459727899005
1459727900005
1459727901005
1459727902001
1459727903005
1459727904005
1459727905000
1459727906000
1459727907001
1459727908000
1459727909001
1459727910009
1459727911000
1459727912005
1459727913000
1459727914000
1459727915005
1459727916001
1459727917000
1459727918000
1459727919000
1459727920000
1459727921000
1459727922001
1459727923000
1459727924005
1459727925000
1459727926001
1459727927005
1459727928001
1459727929001
1459727930001
1459727931001
1459727932005
1459727933000
1459727934001
1459727935005
1459727936000
1459727937000
1459727938000
1459727939005
1459727940005
1459727941005
1459727942005
1459727943000
1459727944005
1459727945009
1459727946005
1459727947005
1459727948005
1459727949000
1459727950000
1459727951000
1459727952000
1459727953001
1459727954001
1459727955005
1459727956000
1459727957005
1459727958005
1459727959000
1459727960000
1459727961005
1459727962005
1459727963000
1459727964005
1459727965005
1459727966000
1459727967000
1459727968000
1459727969001
1459727970000
1459727971005
1459727972000
1459727973001
1459727974009
1459727975001
1459727976005
1459727977000
1459727978000
1459727979000
1459727980005
1459727981000
1459727982004
1459727983000
1459727984000
1459727985005
1459727986000
1459727987001
1459727988001
1459727989005
1459727990005
1459727991000
1459727992000
1459727993009
1459727994000
1459727995005
1459727996000
1459727997001
1459727998005
1459727999001
1459728000000
1459728001001
1459728002575
1459728003000
1459728004001
1459728005005
1459728006000
1459728007005
1459728008000
1459728009000
1459728010005
1459728011000
1459728012000
1459728013000
1459728014005
1459728015000
1459728016000
1459728017001
1459728018000
1459728019001
1459728020005
1459728021001
1459728022000
1459728023000
1459728024005
1459728025000
1459728026001
1459728027005
1459728028005
1459728029005
1459728030000
1459728031001
1459728032001
1459728033001
1459728034001
1459728035005
1459728036001
1459728037001
1459728038001
1459728039001
1459728040005
1459728041005
1459728042000
1459728043000
1459728044001
1459728045000
1459728046001
1459728047005
1459728048005
1459728049001
1459728050001
1459728051001
1459728052000
1459728053001
1459728054000
1459728055000
1459728056000
1459728057000
1459728058000
1459728059001
1459728060001
1459728061005
1459728062001
1459728063000
1459728064005
1459728065000
1459728066001
1459728067000
1459728068005
1459728069000
1459728070000
1459728071000
1459728072005
1459728073001
1459728074000
1459728075000
1459728076001
1459728077001
1459728078000
1459728079005
1459728080000
1459728081000
1459728082001
1459728083000
1459728084000
1459728085001
1459728086001
1459728087000
1459728088000
1459728089001
1459728090005
1459728091005
1459728092000
1459728093005
1459728094000
1459728095001
1459728096000
1459728097009
1459728098005
1459728099000
1459728100001
1459728101000
1459728102000
1459728103000
1459728104001
1459728105001
1459728106000
1459728107005
1459728108001
1459728109005
1459728110001
1459728111001
1459728112000
1459728113001
1459728114000
1459728115005
1459728116001
1459728117000
1459728118005
1459728119000
1459728120000
1459728121005
1459728122001
1459728123001
1459728124001
1459728125005
1459728126003
1459728127005
1459728128005
1459728129001
1459728130000
1459728131005
1459728132001
1459728133005
1459728134001
1459728135001
1459728136000
1459728137000
1459728138005
1459728139000
1459728140001
1459728141000
1459728142000
1459728143001
1459728144001
1459728145001
1459728146001
1459728147000
1459728148000
1459728149005
1459728150005
1459728151005
1459728152001
1459728153000
1459728154000
1459728155001
1459728156001
1459728157000
1459728158001
1459728159005
1459728160001
1459728161001
1459728162001
1459728163005
1459728164005
1459728165001
1459728166001
1459728167005
1459728168005
1459728169009
1459728170000
1459728171001
1459728172000
1459728173005
1459728174000
1459728175001
1459728176000
1459728177005
1459728178005
1459728179005
1459728180001
1459728181001
1459728182005
1459728183000
1459728184000
1459728185001
1459728186001
1459728187001
1459728188000
1459728189001
1459728190000
1459728191003
1459728192000
1459728193005
1459728194009
1459728195005
1459728196000
1459728197000
1459728198001
1459728199000
1459728200001
1459728201001
1459728202000
1459728203000
1459728204001
1459728205001
1459728206001
1459728207001
1459728208005
1459728209005
1459728210000
1459728211000
1459728212001
1459728213001
1459728214001
1459728215005
1459728216000
1459728217005
1459728218000
1459728219000
1459728220005
1459728221005
1459728222001
1459728223001
1459728224005
1459728225000
1459728226001
1459728227000
1459728228005
1459728229000
1459728230000
1459728231005
1459728232000
1459728233000
1459728234005
1459728235005
1459728236001
1459728237001
1459728238000
1459728239001
1459728240000
1459728241005
1459728242000
1459728243000
1459728244005
1459728245005
1459728246005
1459728247005
1459728248005
1459728249000
1459728250005
1459728251001
1459728252005
1459728253000
1459728254009
1459728255001
1459728256005
1459728257000
1459728258001
1459728259000
1459728260005
1459728261000
1459728262001
1459728263005
1459728264000
1459728265005
1459728266005
1459728267000
1459728268013
1459728269005
1459728270000
1459728271000
1459728272000
1459728273001
1459728274001
1459728275001
1459728276001
1459728277013
1459728278005
1459728279001
1459728280005
1459728281001
1459728282001
1459728283000
1459728284009
1459728285000
1459728286002
1459728287000
1459728288000
1459728289000
1459728290001
1459728291001
1459728292001
1459728293001
1459728294005
1459728295005
1459728296002
1459728297000
1459728298001
1459728299001
1459728300005
1459728301000
1459728302000
1459728303000
1459728304005
1459728305005
1459728306009
1459728307000
1459728308001
1459728309005
1459728310001
1459728311001
1459728312000
1459728313000
1459728314001
1459728315001
1459728316001
1459728317001
1459728318005
1459728319001
1459728320005
1459728321000
1459728322000
1459728323000
1459728324005
1459728325000
1459728326000
1459728327005
1459728328005
1459728329005
1459728330000
1459728331000
1459728332005
1459728333000
1459728334001
1459728335000
1459728336005
1459728337001
1459728338000
1459728339000
1459728340005
1459728341001
1459728342000
1459728343000
1459728344001
1459728345005
1459728346005
1459728347000
1459728348000
1459728349005
1459728350000
1459728351001
1459728352005
1459728353000
1459728354000
1459728355001
1459728356001
1459728357005
1459728358005
1459728359001
1459728360000
1459728361000
1459728362005
1459728363005
1459728364001
1459728365005
1459728366001
1459728367005
1459728368001
1459728369001
1459728370005
1459728371009
1459728372001
1459728373003
1459728374000
1459728375001
1459728376001
1459728377001
1459728378001
1459728379000
1459728380005
1459728381001
1459728382005
1459728383005
1459728384000
1459728385005
1459728386001
1459728387000
1459728388001
1459728389000
1459728390005
1459728391005
1459728392005
1459728393000
1459728394001
1459728395000
1459728396009
1459728397001
1459728398000
1459728399005
1459728400001
1459728401000
1459728402001
1459728403000
1459728404005
1459728405005
1459728406000
1459728407001
1459728408001
1459728409000
1459728410005
1459728411000
1459728412005
1459728413000
1459728414000
1459728415000
1459728416001
1459728417001
1459728418000
1459728419000
1459728420005
1459728421005
1459728422000
1459728423001
1459728424000
1459728425000
1459728426001
1459728427000
1459728428000
1459728429000
1459728430001
1459728431001
1459728432000
1459728433001
1459728434001
1459728435005
1459728436005
1459728437000
1459728438000
1459728439000
1459728440000
1459728441000
1459728442000
1459728443001
1459728444001
1459728445000
1459728446009
1459728447001
1459728448001
1459728449000
1459728450005
1459728451005
1459728452005
1459728453000
1459728454000
1459728455002
1459728456001
1459728457001
1459728458000
1459728459005
1459728460005
1459728461003
1459728462000
1459728463001
1459728464005
1459728465005
1459728466001
1459728467000
1459728468001
1459728469000
1459728470000
1459728471005
1459728472000
1459728473001
1459728474001
1459728475001
1459728476000
1459728477000
1459728478003
1459728479005
1459728480001
1459728481000
1459728482001
1459728483000
1459728484001
1459728485005
1459728486000
1459728487001
1459728488000
1459728489001
1459728490001
1459728491001
1459728492000
1459728493001
1459728494000
1459728495001
1459728496000
1459728497000
1459728498000
1459728499000
1459728500000
1459728501000
1459728502005
1459728503005
1459728504000
1459728505001
1459728506001
1459728507000
1459728508005
1459728509000
1459728510001
1459728511005
1459728512001
1459728513005
1459728514001
1459728515001
1459728516005
1459728517000
1459728518000
1459728519001
1459728520000
1459728521000
1459728522001
1459728523001
1459728524000
1459728525000
1459728526001
1459728527001
1459728528001
1459728529001
1459728530001
1459728531001
1459728532001
1459728533001
1459728534005
1459728535005
1459728536005
1459728537001
1459728538001
1459728539000
1459728540001
1459728541000
1459728542000
1459728543001
1459728544001
1459728545002
1459728546001
1459728547000
1459728548005
1459728549000
1459728550001
1459728551001
1459728552005
1459728553001
1459728554001
1459728555005
1459728556000
1459728557000
1459728558001
1459728559001
1459728560005
1459728561001
1459728562005
1459728563001
1459728564001
1459728565001
1459728566013
1459728567005
1459728568001
1459728569001
1459728570000
1459728571005
1459728572001
1459728573000
1459728574001
1459728575005
1459728576000
1459728577004
1459728578005
1459728579005
1459728580001
1459728581005
1459728582000
1459728583005
1459728584005
1459728585005
1459728586005
1459728587000
1459728588005
1459728589000
1459728590005
1459728591005
1459728592009
1459728593001
1459728594000
1459728595000
1459728596000
1459728597001
1459728598001
1459728599001
1459728600007
1459728601000
1459728602009
1459728603000
1459728604001
1459728605001
1459728606000
1459728607005
1459728608000
1459728609001
1459728610000
1459728611000
1459728612001
1459728613001
1459728614005
1459728615000
1459728616000
1459728617005
1459728618001
1459728619000
1459728620000
1459728621005
1459728622009
1459728623005
1459728624001
1459728625000
1459728626000
1459728627000
1459728628000
1459728629005
1459728630004
1459728631000
1459728632005
1459728633001
1459728634001
1459728635005
1459728636001
1459728637001
1459728638001
1459728639001
1459728640000
1459728641000
1459728642001
1459728643001
1459728644005
1459728645001
1459728646005
1459728647005
1459728648005
1459728649005
1459728650000
1459728651000
1459728652000
1459728653005
1459728654001
1459728655001
1459728656005
1459728657000
1459728658005
1459728659001
1459728660001
1459728661000
1459728662000
1459728663005
1459728664005
1459728665005
1459728666000
1459728667000
1459728668001
1459728669001
1459728670001
1459728671001
1459728672005
1459728673005
1459728674009
1459728675001
1459728676000
1459728677001
1459728678001
1459728679001
1459728680000
1459728681001
1459728682005
1459728683000
1459728684000
1459728685005
1459728686013
1459728687001
1459728688001
1459728689005
1459728690000
1459728691005
1459728692000
1459728693005
1459728694001
1459728695001
1459728696000
1459728697000
1459728698005
1459728699001
1459728700000
1459728701009
1459728702000
1459728703001
1459728704001
1459728705005
1459728706001
1459728707001
1459728708001
1459728709000
1459728710000
1459728711000
1459728712005
1459728713000
1459728714005
1459728715001
1459728716001
1459728717005
1459728718000
1459728719000
1459728720001
1459728721000
1459728722000
1459728723000
1459728724005
1459728725001
1459728726001
1459728727000
1459728728000
1459728729000
1459728730000
1459728731005
1459728732005
1459728733000
1459728734005
1459728735001
1459728736001
1459728737005
1459728738000
1459728739001
1459728740001
1459728741000
1459728742000
1459728743001
1459728744000
1459728745001
1459728746005
1459728747001
1459728748001
1459728749000
1459728750000
1459728751001
1459728752000
1459728753005
1459728754005
1459728755001
1459728756001
1459728757005
1459728758005
1459728759000
1459728760005
1459728761001
1459728762001
1459728763005
1459728764000
1459728765005
1459728766005
1459728767000
1459728768005
1459728769001
1459728770005
1459728771000
1459728772003
1459728773001
1459728774000
1459728775000
1459728776013
1459728777005
1459728778000
1459728779000
1459728780001
1459728781005
1459728782002
1459728783000
1459728784000
1459728785001
1459728786001
1459728787001
1459728788005
1459728789005
1459728790001
1459728791001
1459728792000
1459728793000
1459728794001
1459728795005
1459728796001
1459728797009
1459728798005
1459728799000
1459728800001
1459728801001
1459728802000
1459728803000
1459728804000
1459728805001
1459728806000
1459728807005
1459728808004
1459728809000
1459728810001
1459728811005
1459728812005
1459728813005
1459728814000
1459728815000
1459728816000
1459728817001
1459728818001
1459728819009
1459728820000
1459728821005
1459728822005
1459728823001
1459728824000
1459728825005
1459728826000
1459728827000
1459728828005
1459728829000
1459728830005
1459728831005
1459728832005
1459728833001
1459728834005
1459728835000
1459728836005
1459728837001
1459728838001
1459728839000
1459728840001
1459728841000
1459728842000
1459728843000
1459728844000
1459728845001
1459728846003
1459728847001
1459728848001
1459728849001
1459728850005
1459728851000
1459728852005
1459728853005
1459728854000
1459728855005
1459728856001
1459728857005
1459728858001
1459728859005
1459728860000
1459728861001
1459728862001
1459728863005
1459728864000
1459728865005
1459728866000
1459728867000
1459728868005
1459728869001
1459728870001
1459728871000
1459728872009
1459728873003
1459728874000
1459728875005
1459728876012
1459728877005
1459728878001
1459728879001
1459728880005
1459728881001
1459728882000
1459728883005
1459728884000
1459728885001
1459728886005
1459728887000
1459728888001
1459728889005
1459728890001
1459728891000
1459728892000
1459728893001
1459728894001
1459728895001
1459728896001
1459728897001
1459728898001
1459728899001
1459728900000
1459728901005
1459728902001
1459728903005
1459728904005
1459728905005
1459728906001
1459728907000
1459728908005
1459728909005
1459728910000
1459728911001
1459728912001
1459728913000
1459728914005
1459728915000
1459728916009
1459728917001
1459728918005
1459728919001
1459728920005
1459728921001
1459728922001
1459728923005
1459728924000
1459728925005
1459728926005
1459728927000
1459728928001
1459728929000
1459728930000
1459728931000
1459728932001
1459728933000
1459728934005
1459728935005
1459728936001
1459728937000
1459728938001
1459728939005
1459728940005
1459728941005
1459728942001
1459728943000
1459728944005
1459728945001
1459728946005
1459728947000
1459728948001
1459728949000
1459728950000
1459728951000
1459728952000
1459728953000
1459728954005
1459728955000
1459728956000
1459728957000
1459728958001
1459728959005
1459728960001
1459728961005
1459728962005
1459728963000
1459728964001
1459728965000
1459728966000
1459728967000
1459728968001
1459728969001
1459728970001
1459728971001
1459728972001
1459728973000
1459728974000
1459728975000
1459728976000
1459728977000
1459728978000
1459728979001
1459728980000
1459728981001
1459728982005
1459728983001
1459728984000
1459728985005
1459728986001
1459728987001
1459728988005
1459728989005
1459728990000
1459728991000
1459728992009
1459728993005
1459728994001
1459728995001
1459728996001
1459728997000
1459728998009
1459728999000
1459729000000
1459729001009
1459729002001
1459729003000
1459729004001
1459729005000
1459729006005
1459729007003
1459729008009
1459729009000
1459729010001
1459729011000
1459729012001
1459729013001
1459729014001
1459729015001
1459729016001
1459729017005
1459729018000
1459729019005
1459729020000
1459729021000
1459729022005
1459729023001
1459729024000
1459729025001
1459729026005
1459729027000
1459729028001
1459729029005
1459729030001
1459729031000
1459729032000
1459729033001
1459729034003
1459729035001
1459729036005
1459729037005
1459729038000
1459729039009
1459729040005
1459729041001
1459729042001
1459729043000
1459729044000
1459729045000
1459729046005
1459729047001
1459729048000
1459729049001
1459729050005
1459729051000
1459729052005
1459729053005
1459729054000
1459729055001
1459729056001
1459729057001
1459729058005
1459729059014
1459729060000
1459729061000
1459729062005
1459729063001
1459729064000
1459729065000
1459729066001
1459729067001
1459729068001
1459729069000
1459729070000
1459729071001
1459729072001
1459729073001
1459729074005
1459729075005
1459729076001
1459729077005
1459729078000
1459729079000
1459729080001
1459729081005
1459729082000
1459729083005
1459729084001
1459729085000
1459729086005
1459729087005
1459729088000
1459729089000
1459729090001
1459729091001
1459729092000
1459729093000
1459729094000
1459729095004
1459729096001
1459729097005
1459729098000
1459729099005
1459729100000
1459729101001
1459729102000
1459729103001
1459729104000
1459729105000
1459729106001
1459729107000
1459729108000
1459729109001
1459729110000
1459729111005
1459729112005
1459729113001
1459729114001
1459729115001
1459729116000
1459729117001
1459729118005
1459729119001
1459729120001
1459729121005
1459729122005
1459729123000
1459729124000
1459729125000
1459729126000
1459729127001
1459729128005
1459729129001
1459729130009
1459729131001
1459729132000
1459729133000
1459729134001
1459729135000
1459729136001
1459729137001
1459729138005
1459729139000
1459729140001
1459729141001
1459729142000
1459729143005
1459729144000
1459729145001
1459729146005
1459729147005
1459729148001
1459729149000
1459729150001
1459729151001
1459729152001
1459729153009
1459729154000
1459729155001
1459729156000
1459729157000
1459729158000
1459729159000
1459729160000
1459729161001
1459729162004
1459729163000
1459729164005
1459729165000
1459729166000
1459729167005
1459729168005
1459729169000
1459729170000
1459729171005
1459729172001
1459729173005
1459729174000
1459729175001
1459729176005
1459729177000
1459729178009
1459729179000
1459729180000
1459729181001
1459729182000
1459729183000
1459729184001
1459729185005
1459729186001
1459729187005
1459729188000
1459729189005
1459729190005
1459729191001
1459729192005
1459729193000
1459729194005
1459729195000
1459729196005
1459729197005
1459729198000
1459729199001
1459729200000
1459729201000
1459729202001
1459729203000
1459729204000
1459729205001
1459729206001
1459729207000
1459729208000
1459729209005
1459729210005
1459729211001
1459729212003
1459729213000
1459729214005
1459729215000
1459729216005
1459729217005
1459729218001
1459729219000
1459729220000
1459729221005
1459729222001
1459729223001
1459729224001
1459729225000
1459729226001
1459729227001
1459729228000
1459729229000
1459729230005
1459729231001
1459729232000
1459729233001
1459729234001
1459729235000
1459729236001
1459729237000
1459729238000
1459729239005
1459729240000
1459729241001
1459729242001
1459729243000
1459729244005
1459729245005
1459729246001
1459729247000
1459729248001
1459729249001
1459729250000
1459729251000
1459729252000
1459729253001
1459729254005
1459729255001
1459729256000
1459729257000
1459729258000
1459729259005
1459729260001
1459729261005
1459729262001
1459729263000
1459729264005
1459729265000
1459729266000
1459729267005
1459729268001
1459729269005
1459729270000
1459729271005
1459729272000
1459729273005
1459729274005
1459729275005
1459729276000
1459729277001
1459729278005
1459729279001
1459729280005
1459729281000
1459729282005
1459729283005
1459729284005
1459729285001
1459729286000
1459729287001
1459729288000
1459729289008
1459729290000
1459729291009
1459729292005
1459729293000
1459729294001
1459729295000
1459729296000
1459729297001
1459729298000
1459729299000
1459729300001
1459729301001
1459729302000
1459729303000
1459729304005
1459729305000
1459729306000
1459729307005
1459729308005
1459729309005
1459729310000
1459729311005
1459729312001
1459729313005
1459729314000
1459729315000
1459729316005
1459729317001
1459729318009
1459729319000
1459729320000
1459729321000
1459729322000
1459729323005
1459729324005
1459729325000
1459729326000
1459729327000
1459729328000
1459729329000
1459729330005
1459729331000
1459729332000
1459729333005
1459729334001
1459729335001
1459729336000
1459729337000
1459729338001
1459729339005
1459729340001
1459729341001
1459729342000
1459729343005
1459729344005
1459729345005
1459729346000
1459729347001
1459729348000
1459729349000
1459729350000
1459729351003
1459729352000
1459729353001
1459729354001
1459729355004
1459729356001
1459729357005
1459729358001
1459729359001
1459729360001
1459729361005
1459729362000
1459729363005
1459729364000
1459729365001
1459729366001
1459729367000
1459729368000
1459729369001
1459729370000
1459729371001
1459729372001
1459729373000
1459729374000
1459729375005
1459729376000
1459729377000
1459729378000
1459729379005
1459729380005
1459729381001
1459729382001
1459729383000
1459729384005
1459729385001
1459729386001
1459729387001
1459729388001
1459729389001
1459729390001
1459729391000
1459729392001
1459729393000
1459729394001
1459729395000
1459729396005
1459729397005
1459729398001
1459729399005
1459729400000
1459729401001
1459729402005
1459729403001
1459729404000
1459729405000
1459729406000
1459729407001
1459729408001
1459729409005
1459729410001
1459729411001
1459729412000
1459729413000
1459729414001
1459729415001
1459729416005
1459729417001
1459729418000
1459729419001
1459729420000
1459729421000
1459729422000
1459729423005
1459729424005
1459729425005
1459729426005
1459729427001
1459729428005
1459729429000
1459729430001
1459729431001
1459729432005
1459729433000
1459729434000
1459729435001
1459729436005
1459729437001
1459729438000
1459729439000
1459729440001
1459729441000
1459729442000
1459729443001
1459729444001
1459729445005
1459729446005
1459729447000
1459729448001
1459729449005
1459729450001
1459729451005
1459729452005
1459729453000
1459729454001
1459729455001
1459729456005
1459729457000
1459729458005
1459729459005
1459729460000
1459729461001
1459729462000
1459729463001
1459729464000
1459729465001
1459729466000
1459729467000
1459729468000
1459729469009
1459729470000
1459729471001
1459729472000
1459729473004
1459729474001
1459729475000
1459729476001
1459729477005
1459729478000
1459729479000
1459729480015
1459729481000
1459729482000
1459729483001
1459729484001
1459729485005
1459729486009
1459729487000
1459729488000
1459729489001
1459729490005
1459729491001
1459729492001
1459729493005
1459729494001
1459729495005
1459729496000
1459729497001
1459729498000
1459729499005
1459729500005
1459729501009
1459729502433
1459729503001
1459729504005
1459729505001
1459729506000
1459729507000
1459729508000
1459729509005
1459729510001
1459729511001
1459729512000
1459729513000
1459729514005
1459729515005
1459729516001
1459729517005
1459729518001
1459729519000
1459729520000
1459729521001
1459729522001
1459729523000
1459729524001
1459729525000
1459729526001
1459729527005
1459729528001
1459729529005
1459729530009
1459729531001
1459729532005
1459729533004
1459729534000
1459729535004
1459729536001
1459729537000
1459729538001
1459729539000
1459729540001
1459729541005
1459729542001
1459729543000
1459729544005
1459729545001
1459729546005
1459729547001
1459729548005
1459729549001
1459729550005
1459729551000
1459729552000
1459729553001
1459729554000
1459729555005
1459729556000
1459729557000
1459729558004
1459729559000
1459729560001
1459729561000
1459729562000
1459729563001
1459729564001
1459729565004
1459729566001
1459729567000
1459729568001
1459729569005
1459729570000
1459729571000
1459729572000
1459729573005
1459729574001
1459729575005
1459729576005
1459729577005
1459729578005
1459729579005
1459729580000
1459729581001
1459729582000
1459729583001
1459729584001
1459729585000
1459729586000
1459729587000
1459729588001
1459729589001
1459729590000
1459729591001
1459729592000
1459729593000
1459729594003
1459729595001
1459729596005
1459729597000
1459729598001
1459729599005
1459729600005
1459729601005
1459729602000
1459729603005
1459729604000
1459729605000
1459729606005
1459729607000
1459729608001
1459729609005
1459729610001
1459729611000
1459729612005
1459729613001
1459729614005
1459729615001
1459729616005
1459729617000
1459729618000
1459729619001
1459729620005
1459729621005
1459729622000
1459729623001
1459729624001
1459729625000
1459729626000
1459729627001
1459729628001
1459729629001
1459729630001
1459729631000
1459729632001
1459729633001
1459729634000
1459729635005
1459729636000
1459729637005
1459729638005
1459729639001
1459729640001
1459729641001
1459729642002
1459729643000
1459729644005
1459729645003
1459729646000
1459729647001
1459729648000
1459729649000
1459729650005
1459729651000
1459729652001
1459729653005
1459729654000
1459729655005
1459729656005
1459729657000
1459729658001
1459729659001
1459729660000
1459729661000
1459729662000
1459729663000
1459729664000
1459729665005
1459729666005
1459729667001
1459729668005
1459729669001
1459729670009
1459729671000
1459729672000
1459729673000
1459729674001
1459729675001
1459729676004
1459729677000
1459729678005
1459729679005
1459729680001
1459729681003
1459729682000
1459729683005
1459729684005
1459729685001
1459729686003
1459729687005
1459729688000
1459729689005
1459729690005
1459729691005
1459729692004
1459729693001
1459729694000
1459729695000
1459729696001
1459729697005
1459729698001
1459729699000
1459729700005
1459729701005
1459729702000
1459729703005
1459729704001
1459729705001
1459729706000
1459729707005
1459729708004
1459729709001
1459729710005
1459729711001
1459729712000
1459729713001
1459729714001
1459729715000
1459729716001
1459729717001
1459729718005
1459729719000
1459729720001
1459729721000
1459729722000
1459729723001
1459729724000
1459729725000
1459729726000
1459729727000
1459729728001
1459729729001
1459729730005
1459729731001
1459729732000
1459729733001
1459729734001
1459729735001
1459729736000
1459729737009
1459729738001
1459729739005
1459729740001
1459729741003
1459729742000
1459729743000
1459729744001
1459729745000
1459729746001
1459729747001
1459729748005
1459729749000
1459729750005
1459729751001
1459729752000
1459729753005
1459729754001
1459729755005
1459729756000
1459729757001
1459729758001
1459729759000
1459729760001
1459729761001
1459729762001
1459729763005
1459729764000
1459729765000
1459729766000
1459729767000
1459729768000
1459729769000
1459729770001
1459729771001
1459729772000
1459729773002
1459729774001
1459729775001
1459729776005
1459729777001
1459729778000
1459729779000
1459729780000
1459729781001
1459729782000
1459729783005
1459729784001
1459729785001
1459729786001
1459729787001
1459729788001
1459729789001
1459729790001
1459729791000
1459729792005
1459729793001
1459729794005
1459729795005
1459729796000
1459729797001
1459729798001
1459729799000
1459729800001
1459729801000
1459729802010
1459729803001
1459729804000
1459729805000
1459729806000
1459729807000
1459729808005
1459729809005
1459729810000
1459729811000
1459729812000
1459729813000
1459729814001
1459729815009
1459729816001
1459729817005
1459729818005
1459729819000
1459729820000
1459729821000
1459729822001
1459729823005
1459729824000
1459729825001
1459729826000
1459729827000
1459729828000
1459729829000
1459729830005
1459729831005
1459729832005
1459729833005
1459729834005
1459729835000
1459729836001
1459729837005
1459729838000
1459729839001
1459729840005
1459729841003
1459729842001
1459729843000
1459729844000
1459729845001
1459729846000
1459729847001
1459729848000
1459729849000
1459729850000
1459729851001
1459729852000
1459729853000
1459729854001
1459729855005
1459729856005
1459729857005
1459729858002
1459729859001
1459729860001
1459729861001
1459729862001
1459729863005
1459729864005
1459729865001
1459729866005
1459729867005
1459729868005
1459729869001
1459729870001
1459729871001
1459729872005
1459729873005
1459729874001
1459729875005
1459729876001
1459729877000
1459729878001
1459729879000
1459729880005
1459729881000
1459729882009
1459729883001
1459729884005
1459729885000
1459729886005
1459729887005
1459729888000
1459729889005
1459729890000
1459729891005
1459729892001
1459729893000
1459729894005
1459729895007
1459729896009
1459729897000
1459729898000
1459729899005
1459729900005
1459729901005
1459729902000
1459729903009
1459729904000
1459729905001
1459729906000
1459729907001
1459729908001
1459729909001
1459729910001
1459729911000
1459729912000
1459729913000
1459729914001
1459729915001
1459729916001
1459729917001
1459729918005
1459729919005
1459729920005
1459729921000
1459729922000
1459729923001
1459729924000
1459729925001
1459729926000
1459729927009
1459729928005
1459729929000
1459729930001
1459729931000
1459729932000
1459729933001
1459729934003
1459729935000
1459729936001
1459729937000
1459729938000
1459729939000
1459729940000
1459729941001
1459729942001
1459729943001
1459729944000
1459729945001
1459729946001
1459729947005
1459729948004
1459729949000
1459729950000
1459729951000
1459729952000
1459729953001
1459729954001
1459729955001
1459729956001
1459729957009
1459729958000
1459729959001
1459729960009
1459729961000
1459729962000
1459729963009
1459729964005
1459729965000
1459729966001
1459729967000
1459729968001
1459729969005
1459729970000
1459729971000
1459729972000
1459729973000
1459729974001
1459729975001
1459729976000
1459729977004
1459729978000
1459729979005
1459729980000
1459729981001
1459729982417
1459729983001
1459729984001
1459729985000
1459729986001
1459729987001
1459729988001
1459729989005
1459729990000
1459729991001
1459729992001
1459729993005
1459729994001
1459729995001
1459729996000
1459729997001
1459729998000
1459729999001
1459730000001
1459730001001
1459730002005
1459730003001
1459730004001
1459730005001
1459730006000
1459730007005
1459730008005
1459730009005
1459730010000
1459730011006
1459730012001
1459730013001
1459730014005
1459730015005
1459730016013
1459730017000
1459730018000
1459730019005
1459730020005
1459730021001
1459730022001
1459730023001
1459730024005
1459730025001
1459730026000
1459730027000
1459730028000
1459730029000
1459730030005
1459730031000
1459730032001
1459730033005
1459730034005
1459730035005
1459730036001
1459730037001
1459730038004
1459730039001
1459730040009
1459730041005
1459730042253
1459730043001
1459730044000
1459730045001
1459730046000
1459730047000
1459730048000
1459730049005
1459730050000
1459730051000
1459730052000
1459730053005
1459730054001
1459730055005
1459730056000
1459730057005
1459730058001
1459730059000
1459730060000
1459730061000
1459730062005
1459730063000
1459730064005
1459730065009
1459730066005
1459730067005
1459730068001
1459730069005
1459730070005
1459730071000
1459730072001
1459730073005
1459730074000
1459730075001
1459730076001
1459730077005
1459730078000
1459730079005
1459730080000
1459730081000
1459730082001
1459730083000
1459730084000
1459730085005
1459730086000
1459730087000
1459730088000
1459730089000
1459730090005
1459730091001
1459730092001
1459730093004
1459730094005
1459730095001
1459730096000
1459730097001
1459730098000
1459730099009
1459730100005
1459730101001
1459730102001
1459730103000
1459730104005
1459730105001
1459730106000
1459730107000
1459730108000
1459730109005
1459730110000
1459730111000
1459730112001
1459730113001
1459730114001
1459730115000
1459730116009
1459730117001
1459730118005
1459730119001
1459730120001
1459730121005
1459730122000
1459730123005
1459730124001
1459730125000
1459730126001
1459730127005
1459730128000
1459730129005
1459730130005
1459730131000
1459730132001
1459730133005
1459730134001
1459730135001
1459730136001
1459730137000
1459730138000
1459730139000
1459730140005
1459730141008
1459730142005
1459730143005
1459730144001
1459730145005
1459730146005
1459730147005
1459730148005
1459730149005
1459730150001
1459730151000
1459730152005
1459730153002
1459730154004
1459730155005
1459730156000
1459730157000
1459730158000
1459730159001
1459730160000
1459730161005
1459730162009
1459730163005
1459730164005
1459730165005
1459730166001
1459730167000
1459730168009
1459730169009
1459730170005
1459730171000
1459730172000
1459730173001
1459730174001
1459730175000
1459730176001
1459730177000
1459730178001
1459730179009
1459730180005
1459730181000
1459730182000
1459730183001
1459730184003
1459730185001
1459730186001
1459730187001
1459730188005
1459730189000
1459730190001
1459730191001
1459730192005
1459730193000
1459730194000
1459730195005
1459730196001
1459730197000
1459730198009
1459730199005
1459730200001
1459730201005
1459730202001
1459730203005
1459730204000
1459730205005
1459730206005
1459730207009
1459730208000
1459730209001
1459730210000
1459730211001
1459730212000
1459730213000
1459730214001
1459730215000
1459730216005
1459730217000
1459730218005
1459730219005
1459730220001
1459730221005
1459730222005
1459730223000
1459730224001
1459730225001
1459730226005
1459730227005
1459730228000
1459730229005
1459730230001
1459730231005
1459730232005
1459730233000
1459730234000
1459730235000
1459730236001
1459730237000
1459730238001
1459730239000
1459730240005
1459730241001
1459730242002
1459730243001
1459730244000
1459730245000
1459730246001
1459730247000
1459730248000
1459730249000
1459730250000
1459730251005
1459730252001
1459730253000
1459730254001
1459730255000
1459730256005
1459730257001
1459730258001
1459730259005
1459730260001
1459730261001
1459730262000
1459730263000
1459730264000
1459730265005
1459730266000
1459730267005
1459730268005
1459730269005
1459730270005
1459730271005
1459730272000
1459730273000
1459730274001
1459730275000
1459730276001
1459730277001
1459730278000
1459730279005
1459730280001
1459730281005
1459730282005
1459730283000
1459730284001
1459730285000
1459730286009
1459730287000
1459730288001
1459730289001
1459730290000
1459730291001
1459730292001
1459730293000
1459730294000
1459730295001
1459730296005
1459730297005
1459730298001
1459730299005
1459730300001
1459730301001
1459730302001
1459730303000
1459730304005
1459730305002
1459730306004
1459730307000
1459730308005
1459730309005
1459730310000
1459730311001
1459730312001
1459730313000
1459730314000
1459730315000
1459730316000
1459730317001
1459730318003
1459730319000
1459730320001
1459730321001
1459730322000
1459730323000
1459730324000
1459730325001
1459730326005
1459730327001
1459730328006
1459730329001
1459730330000
1459730331000
1459730332000
1459730333000
1459730334001
1459730335000
1459730336005
1459730337001
1459730338005
1459730339005
1459730340000
1459730341001
1459730342005
1459730343005
1459730344000
1459730345000
1459730346001
1459730347003
1459730348001
1459730349000
1459730350000
1459730351000
1459730352005
1459730353005
1459730354000
1459730355001
1459730356001
1459730357005
1459730358001
1459730359001
1459730360000
1459730361002
1459730362001
1459730363000
1459730364005
1459730365000
1459730366000
1459730367000
1459730368001
1459730369007
1459730370000
1459730371005
1459730372001
1459730373005
1459730374005
1459730375000
1459730376009
1459730377005
1459730378001
1459730379000
1459730380001
1459730381009
1459730382005
1459730383005
1459730384005
1459730385005
1459730386000
1459730387001
1459730388013
1459730389000
1459730390000
1459730391001
1459730392009
1459730393005
1459730394005
1459730395002
1459730396005
1459730397005
1459730398009
1459730399001
1459730400001
1459730401001
1459730402001
1459730403041
1459730404001
1459730405000
1459730406013
1459730407000
1459730408001
1459730409000
1459730410001
1459730411001
1459730412001
1459730413001
1459730414000
1459730415001
1459730416001
1459730417000
1459730418005
1459730419009
1459730420000
1459730421005
1459730422002
1459730423001
1459730424001
1459730425001
1459730426001
1459730427000
1459730428001
1459730429001
1459730430001
1459730431000
1459730432005
1459730433001
1459730434001
1459730435001
1459730436005
1459730437017
1459730438001
1459730439005
1459730440000
1459730441005
1459730442001
1459730443005
1459730444000
1459730445005
1459730446000
1459730447000
1459730448000
1459730449005
1459730450001
1459730451000
1459730452001
1459730453005
1459730454005
1459730455001
1459730456000
1459730457000
1459730458001
1459730459001
1459730460001
1459730461001
1459730462000
1459730463001
1459730464000
1459730465002
1459730466005
1459730467000
1459730468001
1459730469001
1459730470001
1459730471000
1459730472001
1459730473000
1459730474001
1459730475001
1459730476000
1459730477001
1459730478005
1459730479005
1459730480005
1459730481000
1459730482005
1459730483003
1459730484001
1459730485000
1459730486001
1459730487001
1459730488000
1459730489005
1459730490013
1459730491003
1459730492000
1459730493005
1459730494001
1459730495001
1459730496005
1459730497000
1459730498001
1459730499005
1459730500000
1459730501000
1459730502001
1459730503000
1459730504000
1459730505001
1459730506000
1459730507001
1459730508001
1459730509001
1459730510001
1459730511001
1459730512005
1459730513005
1459730514001
1459730515000
1459730516000
1459730517000
1459730518005
1459730519001
1459730520000
1459730521000
1459730522000
1459730523001
1459730524005
1459730525005
1459730526001
1459730527001
1459730528000
1459730529000
1459730530000
1459730531000
1459730532000
1459730533001
1459730534001
1459730535000
1459730536000
1459730537000
1459730538000
1459730539001
1459730540001
1459730541000
1459730542005
1459730543000
1459730544001
1459730545001
1459730546000
1459730547000
1459730548000
1459730549005
1459730550000
1459730551001
1459730552009
1459730553000
1459730554001
1459730555001
1459730556005
1459730557000
1459730558000
1459730559000
1459730560000
1459730561001
1459730562005
1459730563000
1459730564005
1459730565001
1459730566000
1459730567005
1459730568005
1459730569001
1459730570001
1459730571001
1459730572009
1459730573001
1459730574000
1459730575005
1459730576001
1459730577005
1459730578001
1459730579000
1459730580005
1459730581001
1459730582001
1459730583000
1459730584005
1459730585001
1459730586005
1459730587001
1459730588005
1459730589005
1459730590000
1459730591001
1459730592000
1459730593001
1459730594001
1459730595000
1459730596000
1459730597001
1459730598001
1459730599000
1459730600000
1459730601000
1459730602000
1459730603000
1459730604005
1459730605000
1459730606005
1459730607000
1459730608009
1459730609000
1459730610001
1459730611005
1459730612001
1459730613005
1459730614001
1459730615000
1459730616000
1459730617000
1459730618001
1459730619000
1459730620000
1459730621005
1459730622005
1459730623000
1459730624005
1459730625005
1459730626005
1459730627001
1459730628005
1459730629005
1459730630001
1459730631000
1459730632009
1459730633001
1459730634000
1459730635001
1459730636000
1459730637000
1459730638001
1459730639001
1459730640005
1459730641000
1459730642001
1459730643000
1459730644000
1459730645002
1459730646001
1459730647001
1459730648005
1459730649001
1459730650001
1459730651002
1459730652005
1459730653005
1459730654001
1459730655005
1459730656005
1459730657005
1459730658000
1459730659000
1459730660005
1459730661001
1459730662001
1459730663000
1459730664001
1459730665000
1459730666000
1459730667000
1459730668000
1459730669001
1459730670000
1459730671005
1459730672000
1459730673005
1459730674005
1459730675000
1459730676005
1459730677000
1459730678005
1459730679005
1459730680009
1459730681001
1459730682005
1459730683000
1459730684000
1459730685001
1459730686000
1459730687000
1459730688000
1459730689002
1459730690000
1459730691001
1459730692000
1459730693001
1459730694000
1459730695001
1459730696000
1459730697001
1459730698001
1459730699001
1459730700005
1459730701000
1459730702002
1459730703001
1459730704005
1459730705000
1459730706005
1459730707000
1459730708001
1459730709001
1459730710001
1459730711000
1459730712001
1459730713000
1459730714005
1459730715005
1459730716001
1459730717001
1459730718000
1459730719000
1459730720000
1459730721000
1459730722001
1459730723001
1459730724001
1459730725005
1459730726000
1459730727001
1459730728005
1459730729001
1459730730001
1459730731001
1459730732005
1459730733001
1459730734000
1459730735005
1459730736001
1459730737000
1459730738001
1459730739000
1459730740005
1459730741001
1459730742001
1459730743000
1459730744001
1459730745000
1459730746005
1459730747001
1459730748000
1459730749000
1459730750000
1459730751001
1459730752003
1459730753012
1459730754005
1459730755001
1459730756000
1459730757009
1459730758005
1459730759000
1459730760001
1459730761001
1459730762000
1459730763001
1459730764001
1459730765001
1459730766001
1459730767001
1459730768001
1459730769005
1459730770005
1459730771000
1459730772013
1459730773001
1459730774005
1459730775000
1459730776005
1459730777000
1459730778004
1459730779001
1459730780005
1459730781001
1459730782001
1459730783001
1459730784005
1459730785000
1459730786005
1459730787000
1459730788000
1459730789000
1459730790000
1459730791001
1459730792000
1459730793005
1459730794000
1459730795005
1459730796000
1459730797000
1459730798001
1459730799005
1459730800005
1459730801000
1459730802003
1459730803000
1459730804005
1459730805000
1459730806004
1459730807000
1459730808001
1459730809000
1459730810000
1459730811000
1459730812001
1459730813005
1459730814001
1459730815009
1459730816001
1459730817005
1459730818001
1459730819000
1459730820005
1459730821001
1459730822001
1459730823001
1459730824005
1459730825005
1459730826001
1459730827001
1459730828001
1459730829000
1459730830001
1459730831001
1459730832000
1459730833005
1459730834000
1459730835001
1459730836001
1459730837001
1459730838005
1459730839000
1459730840000
1459730841000
1459730842001
1459730843000
1459730844000
1459730845000
1459730846001
1459730847001
1459730848000
1459730849000
1459730850000
1459730851005
1459730852005
1459730853005
1459730854000
1459730855001
1459730856005
1459730857001
1459730858005
1459730859005
1459730860000
1459730861001
1459730862001
1459730863001
1459730864000
1459730865000
1459730866001
1459730867000
1459730868000
1459730869001
1459730870000
1459730871001
1459730872001
1459730873000
1459730874001
1459730875009
1459730876005
1459730877001
1459730878005
1459730879001
1459730880000
1459730881013
1459730882000
1459730883001
1459730884002
1459730885000
1459730886001
1459730887001
1459730888000
1459730889000
1459730890000
1459730891001
1459730892000
1459730893000
1459730894001
1459730895001
1459730896001
1459730897001
1459730898000
1459730899001
1459730900005
1459730901000
1459730902001
1459730903000
1459730904000
1459730905001
1459730906002
1459730907000
1459730908001
1459730909005
1459730910000
1459730911005
1459730912005
1459730913009
1459730914005
1459730915000
1459730916001
1459730917000
1459730918001
1459730919005
1459730920005
1459730921001
1459730922000
1459730923000
1459730924009
1459730925001
1459730926000
1459730927005
1459730928001
1459730929005
1459730930000
1459730931000
1459730932001
1459730933005
1459730934000
1459730935005
1459730936005
1459730937000
1459730938001
1459730939000
1459730940000
1459730941001
1459730942001
1459730943001
1459730944005
1459730945000
1459730946000
1459730947001
1459730948000
1459730949001
1459730950005
1459730951002
1459730952000
1459730953005
1459730954000
1459730955005
1459730956001
1459730957000
1459730958005
1459730959001
1459730960000
1459730961001
1459730962001
1459730963001
1459730964005
1459730965001
1459730966000
1459730967005
1459730968000
1459730969000
1459730970000
1459730971000
1459730972005
1459730973005
1459730974000
1459730975001
1459730976005
1459730977000
1459730978000
1459730979001
1459730980000
1459730981001
1459730982000
1459730983000
1459730984000
1459730985000
1459730986005
1459730987000
1459730988005
1459730989000
1459730990000
1459730991000
1459730992001
1459730993001
1459730994000
1459730995001
1459730996000
1459730997000
1459730998000
1459730999000
1459731000005
1459731001009
1459731002000
1459731003000
1459731004000
1459731005000
1459731006000
1459731007000
1459731008000
1459731009000
1459731010005
1459731011000
1459731012000
1459731013001
1459731014000
1459731015001
1459731016005
1459731017001
1459731018001
1459731019001
1459731020001
1459731021000
1459731022001
1459731023000
1459731024001
1459731025005
1459731026000
1459731027002
1459731028004
1459731029001
1459731030003
1459731031005
1459731032001
1459731033000
1459731034001
1459731035005
1459731036001
1459731037000
1459731038000
1459731039000
1459731040001
1459731041000
1459731042000
1459731043000
1459731044001
1459731045000
1459731046005
1459731047005
1459731048000
1459731049005
1459731050001
1459731051001
1459731052000
1459731053009
1459731054001
1459731055000
1459731056004
1459731057005
1459731058000
1459731059001
1459731060005
1459731061000
1459731062001
1459731063001
1459731064001
1459731065001
1459731066005
1459731067005
1459731068005
1459731069000
1459731070001
1459731071000
1459731072001
1459731073000
1459731074001
1459731075001
1459731076005
1459731077000
1459731078005
1459731079000
1459731080005
1459731081005
1459731082000
1459731083000
1459731084004
1459731085005
1459731086000
1459731087000
1459731088001
1459731089001
1459731090000
1459731091000
1459731092005
1459731093000
1459731094005
1459731095005
1459731096000
1459731097005
1459731098000
1459731099001
1459731100005
1459731101005
1459731102001
1459731103005
1459731104005
1459731105000
1459731106000
1459731107000
1459731108000
1459731109000
1459731110000
1459731111000
1459731112005
1459731113001
1459731114000
1459731115001
1459731116005
1459731117000
1459731118000
1459731119000
1459731120005
1459731121001
1459731122009
1459731123005
1459731124000
1459731125005
1459731126009
1459731127001
1459731128005
1459731129005
1459731130004
1459731131000
1459731132001
1459731133001
1459731134000
1459731135005
1459731136005
1459731137005
1459731138005
1459731139005
1459731140005
1459731141000
1459731142001
1459731143005
1459731144000
1459731145001
1459731146001
1459731147000
1459731148005
1459731149001
1459731150001
1459731151001
1459731152001
1459731153001
1459731154001
1459731155005
1459731156005
1459731157005
1459731158000
1459731159000
1459731160001
1459731161001
1459731162000
1459731163001
1459731164000
1459731165001
1459731166000
1459731167005
1459731168009
1459731169001
1459731170000
1459731171005
1459731172009
1459731173013
1459731174001
1459731175000
1459731176000
1459731177001
1459731178001
1459731179000
1459731180001
1459731181009
1459731182000
1459731183000
1459731184001
1459731185000
1459731186005
1459731187005
1459731188001
1459731189000
1459731190000
1459731191000
1459731192000
1459731193005
1459731194001
1459731195001
1459731196000
1459731197000
1459731198001
1459731199005
1459731200000
1459731201000
1459731202000
1459731203000
1459731204001
1459731205000
1459731206000
1459731207001
1459731208000
1459731209001
1459731210001
1459731211001
1459731212000
1459731213005
1459731214001
1459731215001
1459731216001
1459731217000
1459731218000
1459731219005
1459731220001
1459731221005
1459731222005
1459731223002
1459731224005
1459731225005
1459731226000
1459731227001
1459731228001
1459731229001
1459731230000
1459731231000
1459731232001
1459731233000
1459731234001
1459731235000
1459731236001
1459731237000
1459731238001
1459731239007
1459731240004
1459731241005
1459731242000
1459731243005
1459731244005
1459731245004
1459731246005
1459731247000
1459731248000
1459731249001
1459731250005
1459731251000
1459731252000
1459731253005
1459731254000
1459731255001
1459731256001
1459731257001
1459731258000
1459731259000
1459731260001
1459731261000
1459731262000
1459731263005
1459731264001
1459731265001
1459731266005
1459731267000
1459731268000
1459731269000
1459731270005
1459731271001
1459731272000
1459731273005
1459731274005
1459731275001
1459731276005
1459731277005
1459731278005
1459731279001
1459731280001
1459731281001
1459731282001
1459731283001
1459731284001
1459731285001
1459731286000
1459731287005
1459731288005
1459731289001
1459731290001
1459731291009
1459731292001
1459731293000
1459731294001
1459731295000
1459731296001
1459731297001
1459731298000
1459731299004
1459731300005
1459731301000
1459731302009
1459731303001
1459731304005
1459731305001
1459731306000
1459731307001
1459731308001
1459731309005
1459731310001
1459731311000
1459731312005
1459731313005
1459731314005
1459731315000
1459731316001
1459731317005
